mode: set
github.com/Oleg196508/wallet/pkg/wallet/service.go:22.78,23.38 1 1
github.com/Oleg196508/wallet/pkg/wallet/service.go:28.3,37.22 4 1
github.com/Oleg196508/wallet/pkg/wallet/service.go:23.38,24.30 1 0
github.com/Oleg196508/wallet/pkg/wallet/service.go:24.30,26.5 1 0
github.com/Oleg196508/wallet/pkg/wallet/service.go:40.71,41.20 1 1
github.com/Oleg196508/wallet/pkg/wallet/service.go:45.2,46.33 2 1
github.com/Oleg196508/wallet/pkg/wallet/service.go:52.2,52.20 1 1
github.com/Oleg196508/wallet/pkg/wallet/service.go:55.2,56.12 2 1
github.com/Oleg196508/wallet/pkg/wallet/service.go:41.20,43.3 1 0
github.com/Oleg196508/wallet/pkg/wallet/service.go:46.33,47.26 1 1
github.com/Oleg196508/wallet/pkg/wallet/service.go:47.26,49.9 2 1
github.com/Oleg196508/wallet/pkg/wallet/service.go:52.20,54.3 1 0
github.com/Oleg196508/wallet/pkg/wallet/service.go:59.117,60.17 1 1
github.com/Oleg196508/wallet/pkg/wallet/service.go:63.2,64.33 2 1
github.com/Oleg196508/wallet/pkg/wallet/service.go:70.2,70.20 1 1
github.com/Oleg196508/wallet/pkg/wallet/service.go:73.2,73.20 1 1
github.com/Oleg196508/wallet/pkg/wallet/service.go:76.5,86.21 5 1
github.com/Oleg196508/wallet/pkg/wallet/service.go:60.17,62.3 1 0
github.com/Oleg196508/wallet/pkg/wallet/service.go:64.33,65.26 1 1
github.com/Oleg196508/wallet/pkg/wallet/service.go:65.26,67.9 2 1
github.com/Oleg196508/wallet/pkg/wallet/service.go:70.20,72.3 1 0
github.com/Oleg196508/wallet/pkg/wallet/service.go:73.20,75.3 1 0
github.com/Oleg196508/wallet/pkg/wallet/service.go:89.76,92.33 2 1
github.com/Oleg196508/wallet/pkg/wallet/service.go:98.2,98.20 1 1
github.com/Oleg196508/wallet/pkg/wallet/service.go:101.2,101.21 1 1
github.com/Oleg196508/wallet/pkg/wallet/service.go:92.33,93.26 1 1
github.com/Oleg196508/wallet/pkg/wallet/service.go:93.26,95.9 2 1
github.com/Oleg196508/wallet/pkg/wallet/service.go:98.20,100.3 1 1
github.com/Oleg196508/wallet/pkg/wallet/service.go:103.77,105.37 1 1
github.com/Oleg196508/wallet/pkg/wallet/service.go:110.2,110.32 1 1
github.com/Oleg196508/wallet/pkg/wallet/service.go:105.37,106.30 1 1
github.com/Oleg196508/wallet/pkg/wallet/service.go:106.30,108.4 1 1
github.com/Oleg196508/wallet/pkg/wallet/service.go:113.49,116.15 2 1
github.com/Oleg196508/wallet/pkg/wallet/service.go:119.2,120.16 2 1
github.com/Oleg196508/wallet/pkg/wallet/service.go:123.2,125.12 3 1
github.com/Oleg196508/wallet/pkg/wallet/service.go:116.15,118.3 1 1
github.com/Oleg196508/wallet/pkg/wallet/service.go:120.16,122.3 1 0
github.com/Oleg196508/wallet/pkg/wallet/service.go:130.67,132.16 2 1
github.com/Oleg196508/wallet/pkg/wallet/service.go:136.2,137.16 2 1
github.com/Oleg196508/wallet/pkg/wallet/service.go:140.2,140.24 1 1
github.com/Oleg196508/wallet/pkg/wallet/service.go:132.16,134.3 1 0
github.com/Oleg196508/wallet/pkg/wallet/service.go:137.16,139.3 1 0
